<?xml version="1.0" encoding="UTF-8"?>
<testng-results ignored="0" total="1" passed="1" failed="0" skipped="0">
  <reporter-output>
  </reporter-output>
  <suite started-at="2026-03-11T23:11:28 IST" name="ERP Automation Suite" finished-at="2026-03-11T23:11:46 IST" duration-ms="18037">
    <groups>
    </groups>
    <test started-at="2026-03-11T23:11:28 IST" name="Demo Tests" finished-at="2026-03-11T23:11:46 IST" duration-ms="18037">
      <class name="Demo.DemoTest">
        <test-method is-config="true" signature="beforeSuite()[pri:0, instance:Demo.DemoTest@38425407]" started-at="2026-03-11T23:11:28 IST" name="beforeSuite" finished-at="2026-03-11T23:11:28 IST" duration-ms="210" status="PASS">
          <reporter-output>
          </reporter-output>
        </test-method> <!-- beforeSuite -->
        <test-method is-config="true" signature="setup(java.lang.String)[pri:0, instance:Demo.DemoTest@38425407]" started-at="2026-03-11T23:11:28 IST" name="setup" finished-at="2026-03-11T23:11:34 IST" duration-ms="6308" status="PASS">
          <params>
            <param index="0">
              <value>
                <![CDATA[chrome]]>
              </value>
            </param>
          </params>
          <reporter-output>
          </reporter-output>
        </test-method> <!-- setup -->
        <test-method is-config="true" signature="startTest(java.lang.reflect.Method)[pri:0, instance:Demo.DemoTest@38425407]" started-at="2026-03-11T23:11:34 IST" name="startTest" finished-at="2026-03-11T23:11:34 IST" duration-ms="32" status="PASS">
          <params>
            <param index="0">
              <value>
                <![CDATA[public void Demo.DemoTest.VerifyDemoTest() throws java.lang.Exception]]>
              </value>
            </param>
          </params>
          <reporter-output>
          </reporter-output>
        </test-method> <!-- startTest -->
        <test-method signature="VerifyDemoTest()[pri:0, instance:Demo.DemoTest@38425407]" started-at="2026-03-11T23:11:34 IST" name="VerifyDemoTest" finished-at="2026-03-11T23:11:46 IST" duration-ms="11332" status="PASS">
          <reporter-output>
          </reporter-output>
        </test-method> <!-- VerifyDemoTest -->
        <test-method is-config="true" signature="afterMethod(org.testng.ITestResult)[pri:0, instance:Demo.DemoTest@38425407]" started-at="2026-03-11T23:11:46 IST" name="afterMethod" finished-at="2026-03-11T23:11:46 IST" duration-ms="0" status="PASS">
          <params>
            <param index="0">
              <value>
                <![CDATA[[TestResult name=VerifyDemoTest status=SUCCESS method=DemoTest.VerifyDemoTest()[pri:0, instance:Demo.DemoTest@38425407] output={null}]]]>
              </value>
            </param>
          </params>
          <reporter-output>
          </reporter-output>
        </test-method> <!-- afterMethod -->
        <test-method is-config="true" signature="tearDown()[pri:0, instance:Demo.DemoTest@38425407]" started-at="2026-03-11T23:11:46 IST" name="tearDown" finished-at="2026-03-11T23:11:46 IST" duration-ms="331" status="PASS">
          <reporter-output>
          </reporter-output>
        </test-method> <!-- tearDown -->
        <test-method is-config="true" signature="afterSuite()[pri:0, instance:Demo.DemoTest@38425407]" started-at="2026-03-11T23:11:46 IST" name="afterSuite" finished-at="2026-03-11T23:11:46 IST" duration-ms="56" status="PASS">
          <reporter-output>
          </reporter-output>
        </test-method> <!-- afterSuite -->
      </class> <!-- Demo.DemoTest -->
    </test> <!-- Demo Tests -->
  </suite> <!-- ERP Automation Suite -->
</testng-results>
